<?xml version="1.0" encoding="UTF-8"?>
<beans xmlns="http://www.springframework.org/schema/beans"
	xmlns:xsi="http://www.w3.org/2001/XMLSchema-instance" xmlns:context="http://www.springframework.org/schema/context"
	xmlns:mvc="http://www.springframework.org/schema/mvc" xmlns:tx="http://www.springframework.org/schema/tx"
	xmlns:jpa="http://www.springframework.org/schema/data/jpa"
	xsi:schemaLocation="http://www.springframework.org/schema/mvc http://www.springframework.org/schema/mvc/spring-mvc-3.1.xsd
		http://www.springframework.org/schema/beans http://www.springframework.org/schema/beans/spring-beans.xsd
		http://www.springframework.org/schema/data/jpa http://www.springframework.org/schema/data/jpa/spring-jpa-1.0.xsd
		http://www.springframework.org/schema/tx http://www.springframework.org/schema/tx/spring-tx-3.1.xsd
		http://www.springframework.org/schema/context http://www.springframework.org/schema/context/spring-context.xsd">

	<context:annotation-config />
	<context:component-scan base-package="de.grundid" />

	<tx:annotation-driven transaction-manager="transactionManager"
		proxy-target-class="true" />

	<jpa:repositories base-package="de.grundid" />

	<bean id="transactionManager" class="org.springframework.orm.jpa.JpaTransactionManager">
		<property name="entityManagerFactory" ref="entityManagerFactory" />
		<property name="jpaDialect">
			<bean class="org.springframework.orm.jpa.vendor.HibernateJpaDialect" />
		</property>
	</bean>

	<bean id="entityManagerFactory"
		class="org.springframework.orm.jpa.LocalContainerEntityManagerFactoryBean">
		<property name="dataSource" ref="dataSource" />
		<property name="jpaVendorAdapter">
			<bean class="de.grundid.twiki.jpa.HibernateJpaVendorAdapter">
				<property name="generateDdl" value="false" />
				<property name="database" value="MYSQL" />
				<property name="showSql" value="false" />
			</bean>
		</property>
		<property name="packagesToScan" value="de.grundid"></property>
	</bean>

	<bean id="dataSource" class="org.apache.commons.dbcp.BasicDataSource"
		destroy-method="close">
		<property name="driverClassName" value="com.mysql.jdbc.Driver" />
		<property name="url" value="jdbc:mysql://mysqlhost:3306/gd" />
		<property name="username" value="gd" />
		<property name="password" value="gd" />
	</bean>

	<!-- <bean id="dataSource" class="org.apache.commons.dbcp.BasicDataSource"> -->
	<!-- <property name="driverClassName" value="com.mysql.jdbc.Driver" /> -->
	<!-- <property name="url" value="jdbc:mysql://op_db_host:3306/em" /> -->
	<!-- <property name="username" value="em" /> -->
	<!-- <property name="password" value="em" /> -->
	<!-- </bean> -->



	<!-- <bean id="mysqlDataSource" class="org.apache.commons.dbcp.BasicDataSource"> -->
	<!-- <property name="driverClassName" value="com.mysql.jdbc.Driver" /> -->
	<!-- <property name="url" value="jdbc:mysql://op_db_host:3306/slk" /> -->
	<!-- <property name="username" value="slk" /> -->
	<!-- <property name="password" value="slk" /> -->
	<!-- </bean> -->


</beans>
